Initial 100x100 Table:
User input: 123
(0, 1) = 0
(1, 62) = 123
(2, 25) = 246
(3, 86) = 369
(4, 49) = 492
(6, 73) = 738
(7, 11) = 615
(8, 97) = 984
(9, 35) = 861
(11, 59) = 1107
(12, 22) = 1230
(13, 83) = 1353
(14, 46) = 1476
(16, 70) = 1722
(17, 7) = 1599
(18, 94) = 1968
(19, 32) = 1845
(21, 56) = 2091
(22, 18) = 2214
(23, 80) = 2337
(24, 43) = 2460
(26, 67) = 2706
(27, 4) = 2583
(28, 91) = 2952
(29, 28) = 2829
(31, 53) = 3075
(32, 15) = 3198
(33, 77) = 3321
(34, 40) = 3444
(36, 64) = 3690
(37, 1) = 3567
(38, 88) = 3936
(39, 25) = 3813
(41, 50) = 4059
(42, 12) = 4182
(43, 74) = 4305
(44, 36) = 4428
(45, 98) = 4551
(46, 61) = 4674
(48, 85) = 4920
(49, 22) = 4797
(51, 46) = 5043
(52, 9) = 5166
(53, 71) = 5289
(54, 33) = 5412
(55, 95) = 5535
(56, 58) = 5658
(58, 82) = 5904
(59, 19) = 5781
(61, 43) = 6027
(62, 6) = 6150
(63, 68) = 6273
(64, 30) = 6396
(65, 92) = 6519
(66, 54) = 6642
(68, 79) = 6888
(69, 16) = 6765
(71, 40) = 7011
(72, 3) = 7134
(73, 64) = 7257
(74, 27) = 7380
(75, 89) = 7503
(76, 51) = 7626
(78, 75) = 7872
(79, 13) = 7749
(81, 37) = 7995
(82, 0) = 8118
(83, 61) = 8241
(84, 24) = 8364
(85, 86) = 8487
(86, 48) = 8610
(88, 72) = 8856
(89, 10) = 8733
(90, 97) = 9102
(91, 34) = 8979
(93, 58) = 9225
(94, 21) = 9348
(95, 82) = 9471
(96, 45) = 9594
(98, 69) = 9840
(99, 7) = 9717
Total matches: 81
Percent of table: 0.81%

Program stopped by user.
